c:\users\s manikandaraj\documents\visual studio 2010\projects\snake\snake\debug\vc100.pdb
c:\users\s manikandaraj\documents\visual studio 2010\projects\snake\snake\debug\codefile1.obj
c:\users\s manikandaraj\documents\visual studio 2010\projects\snake\debug\snake.ilk
c:\users\s manikandaraj\documents\visual studio 2010\projects\snake\debug\snake.exe
c:\users\s manikandaraj\documents\visual studio 2010\projects\snake\snake\debug\snake.exe.intermediate.manifest
c:\users\s manikandaraj\documents\visual studio 2010\projects\snake\debug\snake.pdb
c:\users\white silver\downloads\_to_upld\snake\snake\debug\codefile1.obj
c:\users\white silver\downloads\_to_upld\snake\snake\debug\cl.command.1.tlog
c:\users\white silver\downloads\_to_upld\snake\snake\debug\cl.read.1.tlog
c:\users\white silver\downloads\_to_upld\snake\snake\debug\cl.write.1.tlog
c:\users\white silver\downloads\_to_upld\snake\snake\debug\link.command.1.tlog
c:\users\white silver\downloads\_to_upld\snake\snake\debug\link.read.1.tlog
c:\users\white silver\downloads\_to_upld\snake\snake\debug\link.write.1.tlog
c:\users\white silver\downloads\_to_upld\snake\snake\debug\mt.command.1.tlog
c:\users\white silver\downloads\_to_upld\snake\snake\debug\mt.read.1.tlog
c:\users\white silver\downloads\_to_upld\snake\snake\debug\mt.write.1.tlog
c:\users\white silver\downloads\_to_upld\snake\snake\debug\snake.exe.intermediate.manifest
c:\users\white silver\downloads\_to_upld\snake\snake\debug\vc100.idb
c:\users\white silver\downloads\_to_upld\snake\snake\debug\vc100.pdb
c:\users\white silver\downloads\_to_upld\snake\debug\snake.pdb
c:\users\white silver\downloads\_to_upld\snake\debug\snake.exe
c:\users\white silver\downloads\_to_upld\snake\debug\snake.ilk
